2019-11-16 23:02:04,145 Инициализирован класс для работы с Postgres
2019-11-16 23:02:04,146 Инициализирован класс для работы с Redis
2019-11-16 23:02:04,148 Приложение инициализировано
2019-11-16 23:05:03,170 Поступил запрос по пользователю user_id=1
2019-11-16 23:05:03,207 Профиль пользователя user_id=1 отсутствует в кеше, выполняем запрос к Postgres
2019-11-16 23:05:03,457 Сохраняем профиль пользователя user_id=1 в Redis-кеш
2019-11-16 23:05:42,878 Поступил запрос по пользователю user_id=0
2019-11-16 23:05:42,879 Профиль пользователя user_id=0 отсутствует в кеше, выполняем запрос к Postgres
2019-11-16 23:05:43,059 Сохраняем профиль пользователя user_id=0 в Redis-кеш
2019-11-16 23:05:49,642 Поступил запрос по пользователю user_id=2
2019-11-16 23:05:49,643 Профиль пользователя user_id=2 отсутствует в кеше, выполняем запрос к Postgres
2019-11-16 23:05:49,819 Сохраняем профиль пользователя user_id=2 в Redis-кеш
2019-11-16 23:05:57,527 Поступил запрос по пользователю user_id=3
2019-11-16 23:05:57,528 Профиль пользователя user_id=3 отсутствует в кеше, выполняем запрос к Postgres
2019-11-16 23:05:57,681 Сохраняем профиль пользователя user_id=3 в Redis-кеш
2019-11-16 23:06:01,791 Поступил запрос по пользователю user_id=4
2019-11-16 23:06:01,792 Профиль пользователя user_id=4 отсутствует в кеше, выполняем запрос к Postgres
2019-11-16 23:06:01,976 Сохраняем профиль пользователя user_id=4 в Redis-кеш
2019-11-16 23:06:08,157 Поступил запрос по пользователю user_id=999
2019-11-16 23:06:08,158 Профиль пользователя user_id=999 отсутствует в кеше, выполняем запрос к Postgres
2019-11-16 23:06:08,353 Сохраняем профиль пользователя user_id=999 в Redis-кеш
2019-11-16 23:06:17,642 Поступил запрос по пользователю user_id=21345
2019-11-16 23:06:17,644 Профиль пользователя user_id=21345 отсутствует в кеше, выполняем запрос к Postgres
2019-11-16 23:06:17,824 Сохраняем профиль пользователя user_id=21345 в Redis-кеш
2019-11-16 23:06:25,274 Поступил запрос по пользователю user_id=1123
2019-11-16 23:06:25,277 Профиль пользователя user_id=1123 отсутствует в кеше, выполняем запрос к Postgres
2019-11-16 23:06:25,461 Сохраняем профиль пользователя user_id=1123 в Redis-кеш
2019-11-16 23:45:51,272 Инициализирован класс для работы с Postgres
2019-11-16 23:45:51,273 Инициализирован класс для работы с Redis
2019-11-16 23:45:51,274 Приложение инициализировано
2019-11-16 23:46:01,177 Поступил запрос по пользователю user_id=1123
2019-11-16 23:46:01,197 Профиль пользователя user_id=1123 присутствует в кеше
2019-11-16 23:50:27,684 Инициализирован класс для работы с Postgres
2019-11-16 23:50:27,685 Инициализирован класс для работы с Redis
2019-11-16 23:50:27,686 Приложение инициализировано
2019-11-16 23:51:46,177 Поступил запрос по пользователю user_id=1
2019-11-16 23:51:46,226 Профиль пользователя user_id=1 присутствует в кеше
2019-11-16 23:55:28,891 Поступил запрос по пользователю user_id=1
2019-11-16 23:55:28,896 Профиль пользователя user_id=1 присутствует в кеше
2019-11-16 23:55:31,852 Поступил запрос по пользователю user_id=2
2019-11-16 23:55:31,854 Профиль пользователя user_id=2 присутствует в кеше
2019-11-16 23:58:58,669 Инициализирован класс для работы с Postgres
2019-11-16 23:58:58,671 Инициализирован класс для работы с Redis
2019-11-16 23:58:58,672 Приложение инициализировано
2019-11-17 00:42:28,065 Инициализирован класс для работы с Postgres
2019-11-17 00:42:28,067 Инициализирован класс для работы с Redis
2019-11-17 00:42:28,069 Приложение инициализировано
2019-11-17 00:46:04,696 Инициализирован класс для работы с Postgres
2019-11-17 00:46:04,697 Инициализирован класс для работы с Redis
2019-11-17 00:46:04,699 Приложение инициализировано
2019-11-17 00:46:09,136 Поступил запрос по пользователю user_id=1
2019-11-17 00:46:09,153 Профиль пользователя user_id=1 присутствует в кеше
2019-11-17 00:49:59,711 Инициализирован класс для работы с Postgres
2019-11-17 00:49:59,712 Инициализирован класс для работы с Redis
2019-11-17 00:49:59,714 Приложение инициализировано
2019-11-17 00:50:06,839 Поступил запрос по пользователю user_id=2
2019-11-17 00:50:06,857 Профиль пользователя user_id=2 присутствует в кеше
2019-11-17 00:53:18,025 Инициализирован класс для работы с Postgres
2019-11-17 00:53:18,027 Инициализирован класс для работы с Redis
2019-11-17 00:53:18,030 Приложение инициализировано
2019-11-17 00:53:23,187 Поступил запрос по пользователю user_id=2
2019-11-17 00:53:23,213 Профиль пользователя user_id=2 присутствует в кеше
2019-11-17 00:55:35,529 Поступил запрос по пользователю user_id=2
2019-11-17 00:55:35,532 Профиль пользователя user_id=2 присутствует в кеше
2019-11-17 00:55:36,474 Поступил запрос по пользователю user_id=2
2019-11-17 00:55:36,476 Профиль пользователя user_id=2 присутствует в кеше
2019-11-17 01:14:28,787 Инициализирован класс для работы с Postgres
2019-11-17 01:14:28,788 Инициализирован класс для работы с Redis
2019-11-17 01:14:28,790 Приложение инициализировано
2019-11-17 01:14:35,083 Поступил запрос по пользователю user_id=2
2019-11-17 01:14:35,107 Профиль пользователя user_id=2 отсутствует в кеше, выполняем запрос к Postgres
2019-11-17 01:14:35,184 Сохраняем профиль пользователя user_id=2 в Redis-кеш
2019-11-17 01:14:38,542 Поступил запрос по пользователю user_id=2
2019-11-17 01:14:38,543 Профиль пользователя user_id=2 присутствует в кеше
2019-11-17 01:14:47,752 Поступил запрос по истории пользователя user_id=1
2019-11-17 01:14:47,756 История пользователя user_id=1 отсутствует в кеше, выполняем запрос к Postgres
2019-11-17 01:14:47,761 Произошла ошибка запроса к Postgres:
list index out of range
2019-11-17 01:14:47,762 Сохраняем историю пользователя user_id=1 в Redis-кеш
2019-11-17 01:14:53,305 Поступил запрос по истории пользователя user_id=2
2019-11-17 01:14:53,308 История пользователя user_id=2 отсутствует в кеше, выполняем запрос к Postgres
2019-11-17 01:14:53,315 Произошла ошибка запроса к Postgres:
list index out of range
2019-11-17 01:14:53,316 Сохраняем историю пользователя user_id=2 в Redis-кеш
2019-11-17 01:18:05,100 Инициализирован класс для работы с Postgres
2019-11-17 01:18:05,101 Инициализирован класс для работы с Redis
2019-11-17 01:18:05,103 Приложение инициализировано
2019-11-17 01:18:11,454 Поступил запрос по истории пользователя user_id=2
2019-11-17 01:18:11,473 История пользователя user_id=2 присутствует в кеше
2019-11-17 01:18:19,046 Поступил запрос по пользователю user_id=1
2019-11-17 01:18:19,049 Профиль пользователя user_id=1 отсутствует в кеше, выполняем запрос к Postgres
2019-11-17 01:18:20,228 Сохраняем профиль пользователя user_id=1 в Redis-кеш
2019-11-17 01:18:25,441 Поступил запрос по истории пользователя user_id=1
2019-11-17 01:18:25,444 История пользователя user_id=1 присутствует в кеше
2019-11-17 01:18:34,776 Поступил запрос по истории пользователя user_id=2
2019-11-17 01:18:34,779 История пользователя user_id=2 присутствует в кеше
2019-11-17 01:27:05,539 Поступил запрос по истории пользователя user_id=2
2019-11-17 01:27:05,543 История пользователя user_id=2 присутствует в кеше
2019-11-17 01:31:31,967 Инициализирован класс для работы с Postgres
2019-11-17 01:31:31,968 Инициализирован класс для работы с Redis
2019-11-17 01:31:31,970 Приложение инициализировано
2019-11-17 01:32:05,821 Поступил запрос по истории пользователя user_id=2
2019-11-17 01:32:05,850 История пользователя user_id=2 присутствует в кеше
2019-11-17 01:32:11,781 Поступил запрос по пользователю user_id=2
2019-11-17 01:32:11,783 Профиль пользователя user_id=2 присутствует в кеше
2019-11-17 01:40:00,692 Инициализирован класс для работы с Postgres
2019-11-17 01:40:00,694 Инициализирован класс для работы с Redis
2019-11-17 01:40:00,697 Приложение инициализировано
2019-11-17 01:40:08,889 Поступил запрос по истории пользователя user_id=1
2019-11-17 01:40:08,912 История пользователя user_id=1 присутствует в кеше
2019-11-17 01:40:14,816 Поступил запрос по пользователю user_id=1
2019-11-17 01:40:14,819 Профиль пользователя user_id=1 присутствует в кеше
2019-11-17 01:40:18,730 Поступил запрос по пользователю user_id=2
2019-11-17 01:40:18,731 Профиль пользователя user_id=2 присутствует в кеше
2019-11-17 01:40:21,231 Поступил запрос по пользователю user_id=3
2019-11-17 01:40:21,232 Профиль пользователя user_id=3 отсутствует в кеше, выполняем запрос к Postgres
2019-11-17 01:40:21,502 Сохраняем профиль пользователя user_id=3 в Redis-кеш
2019-11-17 01:40:24,018 Поступил запрос по пользователю user_id=4
2019-11-17 01:40:24,021 Профиль пользователя user_id=4 отсутствует в кеше, выполняем запрос к Postgres
2019-11-17 01:40:24,243 Сохраняем профиль пользователя user_id=4 в Redis-кеш
2019-11-17 01:41:22,894 Поступил запрос по пользователю user_id=2
2019-11-17 01:41:22,896 Профиль пользователя user_id=2 присутствует в кеше
2019-11-17 01:41:25,717 Поступил запрос по пользователю user_id=4
2019-11-17 01:41:25,721 Профиль пользователя user_id=4 присутствует в кеше
2019-11-17 01:41:27,889 Поступил запрос по пользователю user_id=5
2019-11-17 01:41:27,892 Профиль пользователя user_id=5 отсутствует в кеше, выполняем запрос к Postgres
2019-11-17 01:41:28,090 Сохраняем профиль пользователя user_id=5 в Redis-кеш
2019-11-17 01:41:44,369 Поступил запрос по пользователю user_id=2
2019-11-17 01:41:44,374 Профиль пользователя user_id=2 присутствует в кеше
2019-11-17 01:42:00,839 Поступил запрос по истории пользователя user_id=1
2019-11-17 01:42:00,843 История пользователя user_id=1 присутствует в кеше
2019-11-17 01:42:03,285 Поступил запрос по истории пользователя user_id=2
2019-11-17 01:42:03,287 История пользователя user_id=2 присутствует в кеше
2019-11-17 01:42:06,245 Поступил запрос по истории пользователя user_id=3
2019-11-17 01:42:06,247 История пользователя user_id=3 отсутствует в кеше, выполняем запрос к Postgres
2019-11-17 01:42:06,488 Сохраняем историю пользователя user_id=3 в Redis-кеш
2019-11-17 01:42:09,791 Поступил запрос по истории пользователя user_id=4
2019-11-17 01:42:09,793 История пользователя user_id=4 отсутствует в кеше, выполняем запрос к Postgres
2019-11-17 01:42:10,019 Сохраняем историю пользователя user_id=4 в Redis-кеш
2019-11-17 01:42:12,454 Поступил запрос по истории пользователя user_id=5
2019-11-17 01:42:12,457 История пользователя user_id=5 отсутствует в кеше, выполняем запрос к Postgres
2019-11-17 01:42:12,705 Сохраняем историю пользователя user_id=5 в Redis-кеш
2019-11-17 01:43:50,232 Поступил запрос по истории пользователя user_id=5
2019-11-17 01:43:50,239 История пользователя user_id=5 присутствует в кеше
2019-11-17 01:43:53,052 Поступил запрос по истории пользователя user_id=1
2019-11-17 01:43:53,053 История пользователя user_id=1 присутствует в кеше
2019-11-17 01:44:37,318 Инициализирован класс для работы с Postgres
2019-11-17 01:44:37,320 Инициализирован класс для работы с Redis
2019-11-17 01:44:37,322 Приложение инициализировано
2019-11-17 01:44:39,816 Поступил запрос по истории пользователя user_id=1
2019-11-17 01:44:39,839 История пользователя user_id=1 присутствует в кеше
2019-11-17 01:44:42,930 Поступил запрос по истории пользователя user_id=2
2019-11-17 01:44:42,932 История пользователя user_id=2 присутствует в кеше
2019-11-17 01:44:48,804 Поступил запрос по пользователю user_id=2
2019-11-17 01:44:48,806 Профиль пользователя user_id=2 присутствует в кеше
2019-11-17 01:44:53,770 Поступил запрос по истории пользователя user_id=1
2019-11-17 01:44:53,773 История пользователя user_id=1 присутствует в кеше
2019-11-17 01:53:38,067 Инициализирован класс для работы с Postgres
2019-11-17 01:53:38,068 Инициализирован класс для работы с Redis
2019-11-17 01:53:38,070 Приложение инициализировано
2019-11-17 01:53:41,440 Поступил запрос по истории пользователя user_id=1
2019-11-17 01:53:41,458 История пользователя user_id=1 присутствует в кеше
2019-11-17 01:53:46,309 Поступил запрос по истории пользователя user_id=2
2019-11-17 01:53:46,311 История пользователя user_id=2 присутствует в кеше
2019-11-17 01:53:49,425 Поступил запрос по истории пользователя user_id=3
2019-11-17 01:53:49,428 История пользователя user_id=3 присутствует в кеше
2019-11-17 01:53:52,793 Поступил запрос по истории пользователя user_id=4
2019-11-17 01:53:52,795 История пользователя user_id=4 присутствует в кеше
2019-11-17 01:59:42,691 Инициализирован класс для работы с Postgres
2019-11-17 01:59:42,693 Инициализирован класс для работы с Redis
2019-11-17 01:59:42,695 Приложение инициализировано
2019-11-17 01:59:45,629 Поступил запрос по истории пользователя user_id=4
2019-11-17 01:59:45,651 История пользователя user_id=4 присутствует в кеше
2019-11-17 01:59:48,325 Поступил запрос по истории пользователя user_id=1
2019-11-17 01:59:48,327 История пользователя user_id=1 присутствует в кеше
2019-11-17 01:59:51,751 Поступил запрос по истории пользователя user_id=2
2019-11-17 01:59:51,754 История пользователя user_id=2 присутствует в кеше
2019-11-17 01:59:55,472 Поступил запрос по истории пользователя user_id=234
2019-11-17 01:59:55,474 История пользователя user_id=234 отсутствует в кеше, выполняем запрос к Postgres
2019-11-17 01:59:58,652 Поступил запрос по истории пользователя user_id=232
2019-11-17 01:59:58,654 История пользователя user_id=232 отсутствует в кеше, выполняем запрос к Postgres
2019-11-17 02:00:03,404 Поступил запрос по истории пользователя user_id=1
2019-11-17 02:00:03,405 История пользователя user_id=1 присутствует в кеше
2019-11-17 02:00:17,974 Поступил запрос по пользователю user_id=1123
2019-11-17 02:00:17,977 Профиль пользователя user_id=1123 отсутствует в кеше, выполняем запрос к Postgres
2019-11-17 02:00:18,286 Сохраняем профиль пользователя user_id=1123 в Redis-кеш
2019-11-17 02:00:22,795 Поступил запрос по пользователю user_id=1
2019-11-17 02:00:22,798 Профиль пользователя user_id=1 присутствует в кеше
2019-11-17 02:00:24,856 Поступил запрос по пользователю user_id=2
2019-11-17 02:00:24,860 Профиль пользователя user_id=2 присутствует в кеше
2019-11-17 02:00:28,245 Поступил запрос по пользователю user_id=3
2019-11-17 02:00:28,247 Профиль пользователя user_id=3 присутствует в кеше
2019-11-17 02:00:30,975 Поступил запрос по пользователю user_id=4
2019-11-17 02:00:30,978 Профиль пользователя user_id=4 присутствует в кеше
2019-11-17 02:00:34,188 Поступил запрос по пользователю user_id=15
2019-11-17 02:00:34,191 Профиль пользователя user_id=15 отсутствует в кеше, выполняем запрос к Postgres
2019-11-17 02:00:34,368 Сохраняем профиль пользователя user_id=15 в Redis-кеш
2019-11-17 02:00:40,606 Поступил запрос по истории пользователя user_id=1
2019-11-17 02:00:40,647 История пользователя user_id=1 присутствует в кеше
2019-11-17 02:02:13,887 Инициализирован класс для работы с Postgres
2019-11-17 02:02:13,889 Инициализирован класс для работы с Redis
2019-11-17 02:02:13,890 Приложение инициализировано
2019-11-17 02:02:17,101 Поступил запрос по истории пользователя user_id=1
2019-11-17 02:02:17,123 История пользователя user_id=1 присутствует в кеше
2019-11-17 02:02:19,732 Поступил запрос по истории пользователя user_id=2
2019-11-17 02:02:19,734 История пользователя user_id=2 присутствует в кеше
2019-11-17 02:02:21,978 Поступил запрос по истории пользователя user_id=5
2019-11-17 02:02:21,980 История пользователя user_id=5 присутствует в кеше
2019-11-17 02:05:54,531 Инициализирован класс для работы с Postgres
2019-11-17 02:05:54,532 Инициализирован класс для работы с Redis
2019-11-17 02:05:54,535 Приложение инициализировано
2019-11-17 02:06:05,449 Поступил запрос по пользователю user_id=5
2019-11-17 02:06:05,467 Профиль пользователя user_id=5 присутствует в кеше
2019-11-17 02:06:08,201 Поступил запрос по пользователю user_id=6
2019-11-17 02:06:08,203 Профиль пользователя user_id=6 отсутствует в кеше, выполняем запрос к Postgres
2019-11-17 02:06:08,427 Сохраняем профиль пользователя user_id=6 в Redis-кеш
2019-11-17 02:06:11,071 Поступил запрос по пользователю user_id=2
2019-11-17 02:06:11,073 Профиль пользователя user_id=2 присутствует в кеше
2019-11-17 02:50:04,784 Поступил запрос по пользователю user_id=457
2019-11-17 02:50:04,789 Профиль пользователя user_id=457 отсутствует в кеше, выполняем запрос к Postgres
2019-11-17 02:50:05,094 Сохраняем профиль пользователя user_id=457 в Redis-кеш
2019-11-17 02:51:07,050 Инициализирован класс для работы с Postgres
2019-11-17 02:51:07,051 Инициализирован класс для работы с Redis
2019-11-17 02:51:07,053 Приложение инициализировано
2019-11-17 02:51:09,099 Поступил запрос по истории пользователя user_id=457
2019-11-17 02:51:09,127 История пользователя user_id=457 отсутствует в кеше, выполняем запрос к Postgres
2019-11-17 02:51:09,403 Сохраняем историю пользователя user_id=457 в Redis-кеш
2019-11-17 02:51:15,211 Поступил запрос по истории пользователя user_id=1
2019-11-17 02:51:15,213 История пользователя user_id=1 присутствует в кеше
2019-11-17 02:51:18,107 Поступил запрос по истории пользователя user_id=2
2019-11-17 02:51:18,112 История пользователя user_id=2 присутствует в кеше
2019-11-17 02:51:21,695 Поступил запрос по истории пользователя user_id=45
2019-11-17 02:51:21,697 История пользователя user_id=45 отсутствует в кеше, выполняем запрос к Postgres
2019-11-17 02:51:21,871 Сохраняем историю пользователя user_id=45 в Redis-кеш
2019-11-17 02:51:31,826 Поступил запрос по истории пользователя user_id=45
2019-11-17 02:51:31,829 История пользователя user_id=45 присутствует в кеше
2019-11-17 02:51:35,417 Поступил запрос по истории пользователя user_id=48
2019-11-17 02:51:35,419 История пользователя user_id=48 отсутствует в кеше, выполняем запрос к Postgres
2019-11-17 02:51:35,593 Сохраняем историю пользователя user_id=48 в Redis-кеш
2019-11-17 02:51:43,698 Поступил запрос по истории пользователя user_id=45
2019-11-17 02:51:43,699 История пользователя user_id=45 присутствует в кеше
2019-11-17 02:51:47,371 Поступил запрос по истории пользователя user_id=5
2019-11-17 02:51:47,373 История пользователя user_id=5 присутствует в кеше
2019-11-17 02:51:50,241 Поступил запрос по истории пользователя user_id=6
2019-11-17 02:51:50,246 История пользователя user_id=6 отсутствует в кеше, выполняем запрос к Postgres
2019-11-17 02:51:50,405 Сохраняем историю пользователя user_id=6 в Redis-кеш
2019-11-17 03:01:43,263 Инициализирован класс для работы с Postgres
2019-11-17 03:01:43,265 Инициализирован класс для работы с Redis
2019-11-17 03:01:43,266 Приложение инициализировано
2019-11-17 03:01:44,531 Поступил запрос по истории пользователя user_id=12
2019-11-17 03:01:44,552 История пользователя user_id=12 отсутствует в кеше, выполняем запрос к Postgres
2019-11-17 03:01:44,865 Сохраняем историю пользователя user_id=12 в Redis-кеш
2019-11-17 03:01:47,220 Поступил запрос по истории пользователя user_id=14
2019-11-17 03:01:47,221 История пользователя user_id=14 отсутствует в кеше, выполняем запрос к Postgres
2019-11-17 03:01:47,372 Сохраняем историю пользователя user_id=14 в Redis-кеш
2019-11-17 03:13:38,326 Инициализирован класс для работы с Postgres
2019-11-17 03:13:38,327 Инициализирован класс для работы с Redis
2019-11-17 03:13:38,328 Приложение инициализировано
2019-11-17 03:13:39,535 Поступил запрос по истории пользователя user_id=14
2019-11-17 03:13:39,551 История пользователя user_id=14 присутствует в кеше
2019-11-17 03:13:45,476 Поступил запрос по истории пользователя user_id=1
2019-11-17 03:13:45,479 История пользователя user_id=1 присутствует в кеше
2019-11-17 03:13:48,375 Поступил запрос по истории пользователя user_id=3
2019-11-17 03:13:48,377 История пользователя user_id=3 присутствует в кеше
2019-11-17 03:13:50,866 Поступил запрос по истории пользователя user_id=2
2019-11-17 03:13:50,868 История пользователя user_id=2 присутствует в кеше
2019-11-17 03:13:53,079 Поступил запрос по истории пользователя user_id=4
2019-11-17 03:13:53,081 История пользователя user_id=4 присутствует в кеше
2019-11-17 03:13:56,005 Поступил запрос по истории пользователя user_id=6
2019-11-17 03:13:56,008 История пользователя user_id=6 присутствует в кеше
2019-11-17 03:14:17,462 Поступил запрос по истории пользователя user_id=4
2019-11-17 03:14:17,464 История пользователя user_id=4 присутствует в кеше
2019-11-17 03:15:50,987 Инициализирован класс для работы с Postgres
2019-11-17 03:15:50,988 Инициализирован класс для работы с Redis
2019-11-17 03:15:50,990 Приложение инициализировано
2019-11-17 03:15:52,037 Поступил запрос по истории пользователя user_id=4
2019-11-17 03:15:52,056 История пользователя user_id=4 присутствует в кеше
2019-11-17 03:15:54,843 Поступил запрос по истории пользователя user_id=4
2019-11-17 03:15:54,844 История пользователя user_id=4 присутствует в кеше
2019-11-17 03:15:58,318 Поступил запрос по истории пользователя user_id=6
2019-11-17 03:15:58,321 История пользователя user_id=6 присутствует в кеше
2019-11-17 03:16:01,029 Поступил запрос по истории пользователя user_id=8
2019-11-17 03:16:01,031 История пользователя user_id=8 отсутствует в кеше, выполняем запрос к Postgres
2019-11-17 03:16:05,273 Поступил запрос по истории пользователя user_id=23
2019-11-17 03:16:05,275 История пользователя user_id=23 отсутствует в кеше, выполняем запрос к Postgres
2019-11-17 03:16:08,859 Поступил запрос по истории пользователя user_id=215
2019-11-17 03:16:08,861 История пользователя user_id=215 отсутствует в кеше, выполняем запрос к Postgres
2019-11-17 03:17:25,152 Инициализирован класс для работы с Postgres
2019-11-17 03:17:25,153 Инициализирован класс для работы с Redis
2019-11-17 03:17:25,155 Приложение инициализировано
2019-11-17 03:17:25,962 Поступил запрос по истории пользователя user_id=3
2019-11-17 03:17:25,976 История пользователя user_id=3 присутствует в кеше
2019-11-17 03:17:30,083 Поступил запрос по истории пользователя user_id=6
2019-11-17 03:17:30,085 История пользователя user_id=6 присутствует в кеше
2019-11-17 03:17:53,277 Поступил запрос по истории пользователя user_id=332
2019-11-17 03:17:53,281 История пользователя user_id=332 отсутствует в кеше, выполняем запрос к Postgres
2019-11-17 03:17:57,412 Поступил запрос по истории пользователя user_id=312
2019-11-17 03:17:57,414 История пользователя user_id=312 отсутствует в кеше, выполняем запрос к Postgres
2019-11-17 03:18:01,579 Поступил запрос по истории пользователя user_id=356
2019-11-17 03:18:01,582 История пользователя user_id=356 отсутствует в кеше, выполняем запрос к Postgres
2019-11-17 03:22:13,329 Инициализирован класс для работы с Postgres
2019-11-17 03:22:13,331 Инициализирован класс для работы с Redis
2019-11-17 03:22:13,333 Приложение инициализировано
2019-11-17 03:22:15,190 Поступил запрос по пользователю user_id=2
2019-11-17 03:22:15,244 Профиль пользователя user_id=2 присутствует в кеше
2019-11-17 03:22:25,207 Поступил запрос по истории пользователя user_id=3
2019-11-17 03:22:25,208 История пользователя user_id=3 присутствует в кеше
2019-11-17 03:22:28,565 Поступил запрос по истории пользователя user_id=567
2019-11-17 03:22:28,566 История пользователя user_id=567 отсутствует в кеше, выполняем запрос к Postgres
2019-11-17 03:23:31,391 Инициализирован класс для работы с Postgres
2019-11-17 03:23:31,392 Инициализирован класс для работы с Redis
2019-11-17 03:23:31,394 Приложение инициализировано
2019-11-17 03:23:32,023 Поступил запрос по истории пользователя user_id=567
2019-11-17 03:23:32,040 История пользователя user_id=567 отсутствует в кеше, выполняем запрос к Postgres
2019-11-17 03:23:35,035 Поступил запрос по истории пользователя user_id=568
2019-11-17 03:23:35,037 История пользователя user_id=568 отсутствует в кеше, выполняем запрос к Postgres
2019-11-17 03:23:37,921 Поступил запрос по истории пользователя user_id=569
2019-11-17 03:23:37,923 История пользователя user_id=569 отсутствует в кеше, выполняем запрос к Postgres
2019-11-17 03:24:40,067 Инициализирован класс для работы с Postgres
2019-11-17 03:24:40,067 Инициализирован класс для работы с Redis
2019-11-17 03:24:40,070 Приложение инициализировано
2019-11-17 03:24:44,457 Поступил запрос по истории пользователя user_id=573
2019-11-17 03:24:44,474 История пользователя user_id=573 отсутствует в кеше, выполняем запрос к Postgres
2019-11-17 03:24:48,557 Поступил запрос по истории пользователя user_id=572
2019-11-17 03:24:48,559 История пользователя user_id=572 отсутствует в кеше, выполняем запрос к Postgres
2019-11-17 03:24:59,003 Поступил запрос по пользователю user_id=572
2019-11-17 03:24:59,005 Профиль пользователя user_id=572 отсутствует в кеше, выполняем запрос к Postgres
2019-11-17 03:24:59,301 Сохраняем профиль пользователя user_id=572 в Redis-кеш
2019-11-17 03:25:15,996 Поступил запрос по истории пользователя user_id=572
2019-11-17 03:25:15,998 История пользователя user_id=572 отсутствует в кеше, выполняем запрос к Postgres
2019-11-17 03:26:09,445 Инициализирован класс для работы с Postgres
2019-11-17 03:26:09,446 Инициализирован класс для работы с Redis
2019-11-17 03:26:09,448 Приложение инициализировано
2019-11-17 03:26:13,031 Поступил запрос по истории пользователя user_id=633
2019-11-17 03:26:13,057 История пользователя user_id=633 отсутствует в кеше, выполняем запрос к Postgres
2019-11-17 03:26:13,321 Сохраняем историю пользователя user_id=633 в Redis-кеш
2019-11-17 03:28:26,193 Инициализирован класс для работы с Postgres
2019-11-17 03:28:26,193 Инициализирован класс для работы с Redis
2019-11-17 03:28:26,195 Приложение инициализировано
2019-11-17 03:28:27,712 Поступил запрос по истории пользователя user_id=634
2019-11-17 03:28:27,728 История пользователя user_id=634 отсутствует в кеше, выполняем запрос к Postgres
2019-11-17 03:28:27,973 Сохраняем историю пользователя user_id=634 в Redis-кеш
2019-11-17 03:28:30,320 Поступил запрос по истории пользователя user_id=635
2019-11-17 03:28:30,322 История пользователя user_id=635 отсутствует в кеше, выполняем запрос к Postgres
2019-11-17 03:28:30,582 Сохраняем историю пользователя user_id=635 в Redis-кеш
2019-11-17 03:29:46,137 Инициализирован класс для работы с Postgres
2019-11-17 03:29:46,138 Инициализирован класс для работы с Redis
2019-11-17 03:29:46,140 Приложение инициализировано
2019-11-17 03:29:49,665 Поступил запрос по истории пользователя user_id=636
2019-11-17 03:29:49,685 История пользователя user_id=636 отсутствует в кеше, выполняем запрос к Postgres
2019-11-17 03:29:49,918 Сохраняем историю пользователя user_id=636 в Redis-кеш
2019-11-17 03:38:52,531 Инициализирован класс для работы с Postgres
2019-11-17 03:38:52,532 Инициализирован класс для работы с Redis
2019-11-17 03:38:52,534 Приложение инициализировано
2019-11-17 03:38:54,219 Поступил запрос по истории пользователя user_id=637
2019-11-17 03:38:54,238 История пользователя user_id=637 отсутствует в кеше, выполняем запрос к Postgres
2019-11-17 03:38:54,563 Сохраняем историю пользователя user_id=637 в Redis-кеш
2019-11-17 03:40:22,009 Инициализирован класс для работы с Postgres
2019-11-17 03:40:22,009 Инициализирован класс для работы с Redis
2019-11-17 03:40:22,011 Приложение инициализировано
2019-11-17 03:40:24,180 Поступил запрос по истории пользователя user_id=638
2019-11-17 03:40:24,197 История пользователя user_id=638 отсутствует в кеше, выполняем запрос к Postgres
2019-11-17 03:40:24,462 Сохраняем историю пользователя user_id=638 в Redis-кеш
2019-11-17 03:41:45,136 Инициализирован класс для работы с Postgres
2019-11-17 03:41:45,137 Инициализирован класс для работы с Redis
2019-11-17 03:41:45,139 Приложение инициализировано
2019-11-17 03:41:47,387 Поступил запрос по истории пользователя user_id=639
2019-11-17 03:41:47,402 История пользователя user_id=639 отсутствует в кеше, выполняем запрос к Postgres
2019-11-17 03:41:47,630 Сохраняем историю пользователя user_id=639 в Redis-кеш
2019-11-17 03:41:54,337 Поступил запрос по истории пользователя user_id=650
2019-11-17 03:41:54,341 История пользователя user_id=650 отсутствует в кеше, выполняем запрос к Postgres
2019-11-17 03:41:57,980 Поступил запрос по истории пользователя user_id=6534
2019-11-17 03:41:57,982 История пользователя user_id=6534 отсутствует в кеше, выполняем запрос к Postgres
2019-11-17 03:41:58,222 Сохраняем историю пользователя user_id=6534 в Redis-кеш
2019-11-17 03:42:05,828 Поступил запрос по истории пользователя user_id=777
2019-11-17 03:42:05,831 История пользователя user_id=777 отсутствует в кеше, выполняем запрос к Postgres
2019-11-17 03:42:05,998 Сохраняем историю пользователя user_id=777 в Redis-кеш
2019-11-17 03:59:15,070 Инициализирован класс для работы с Postgres
2019-11-17 03:59:15,071 Инициализирован класс для работы с Redis
2019-11-17 03:59:15,073 Приложение инициализировано
2019-11-17 03:59:18,499 Поступил запрос по истории пользователя user_id=778
2019-11-17 03:59:18,525 История пользователя user_id=778 отсутствует в кеше, выполняем запрос к Postgres
2019-11-17 03:59:18,780 Сохраняем историю пользователя user_id=778 в Redis-кеш
2019-11-17 04:01:12,910 Инициализирован класс для работы с Postgres
2019-11-17 04:01:12,911 Инициализирован класс для работы с Redis
2019-11-17 04:01:12,913 Приложение инициализировано
2019-11-17 04:01:15,149 Поступил запрос по истории пользователя user_id=779
2019-11-17 04:01:15,168 История пользователя user_id=779 отсутствует в кеше, выполняем запрос к Postgres
2019-11-17 04:01:19,798 Поступил запрос по истории пользователя user_id=780
2019-11-17 04:01:19,799 История пользователя user_id=780 отсутствует в кеше, выполняем запрос к Postgres
2019-11-17 04:03:23,636 Инициализирован класс для работы с Postgres
2019-11-17 04:03:23,637 Инициализирован класс для работы с Redis
2019-11-17 04:03:23,639 Приложение инициализировано
2019-11-17 04:03:24,207 Поступил запрос по истории пользователя user_id=781
2019-11-17 04:03:24,223 История пользователя user_id=781 отсутствует в кеше, выполняем запрос к Postgres
2019-11-17 04:03:27,797 Поступил запрос по истории пользователя user_id=782
2019-11-17 04:03:27,798 История пользователя user_id=782 отсутствует в кеше, выполняем запрос к Postgres
2019-11-17 04:04:27,727 Инициализирован класс для работы с Postgres
2019-11-17 04:04:27,728 Инициализирован класс для работы с Redis
2019-11-17 04:04:27,730 Приложение инициализировано
2019-11-17 04:04:28,778 Поступил запрос по истории пользователя user_id=783
2019-11-17 04:04:28,797 История пользователя user_id=783 отсутствует в кеше, выполняем запрос к Postgres
2019-11-17 04:04:31,828 Поступил запрос по истории пользователя user_id=784
2019-11-17 04:04:31,830 История пользователя user_id=784 отсутствует в кеше, выполняем запрос к Postgres
2019-11-17 04:07:38,019 Инициализирован класс для работы с Postgres
2019-11-17 04:07:38,020 Инициализирован класс для работы с Redis
2019-11-17 04:07:38,023 Приложение инициализировано
2019-11-17 04:07:39,583 Поступил запрос по истории пользователя user_id=785
2019-11-17 04:07:39,600 История пользователя user_id=785 отсутствует в кеше, выполняем запрос к Postgres
2019-11-17 04:07:42,201 Поступил запрос по истории пользователя user_id=786
2019-11-17 04:07:42,203 История пользователя user_id=786 отсутствует в кеше, выполняем запрос к Postgres
2019-11-17 04:08:46,711 Инициализирован класс для работы с Postgres
2019-11-17 04:08:46,712 Инициализирован класс для работы с Redis
2019-11-17 04:08:46,715 Приложение инициализировано
2019-11-17 04:08:48,427 Поступил запрос по истории пользователя user_id=788
2019-11-17 04:08:48,445 История пользователя user_id=788 отсутствует в кеше, выполняем запрос к Postgres
2019-11-17 04:10:47,573 Инициализирован класс для работы с Postgres
2019-11-17 04:10:47,574 Инициализирован класс для работы с Redis
2019-11-17 04:10:47,576 Приложение инициализировано
2019-11-17 04:10:48,120 Поступил запрос по истории пользователя user_id=789
2019-11-17 04:10:48,158 История пользователя user_id=789 отсутствует в кеше, выполняем запрос к Postgres
2019-11-17 04:10:51,588 Поступил запрос по истории пользователя user_id=790
2019-11-17 04:10:51,590 История пользователя user_id=790 отсутствует в кеше, выполняем запрос к Postgres
2019-11-17 04:13:49,630 Инициализирован класс для работы с Postgres
2019-11-17 04:13:49,631 Инициализирован класс для работы с Redis
2019-11-17 04:13:49,633 Приложение инициализировано
2019-11-17 04:13:50,837 Поступил запрос по истории пользователя user_id=791
2019-11-17 04:13:50,853 История пользователя user_id=791 отсутствует в кеше, выполняем запрос к Postgres
2019-11-17 04:13:51,037 Сохраняем историю пользователя user_id=791 в Redis-кеш
2019-11-17 04:15:36,730 Инициализирован класс для работы с Postgres
2019-11-17 04:15:36,731 Инициализирован класс для работы с Redis
2019-11-17 04:15:36,734 Приложение инициализировано
2019-11-17 04:15:37,391 Поступил запрос по истории пользователя user_id=792
2019-11-17 04:15:37,407 История пользователя user_id=792 отсутствует в кеше, выполняем запрос к Postgres
2019-11-17 04:21:06,003 Инициализирован класс для работы с Postgres
2019-11-17 04:21:06,004 Инициализирован класс для работы с Redis
2019-11-17 04:21:06,007 Приложение инициализировано
2019-11-17 04:21:06,465 Поступил запрос по истории пользователя user_id=793
2019-11-17 04:21:06,485 История пользователя user_id=793 отсутствует в кеше, выполняем запрос к Postgres
2019-11-17 04:21:06,662 Сохраняем историю пользователя user_id=793 в Redis-кеш
2019-11-17 04:27:40,831 Инициализирован класс для работы с Postgres
2019-11-17 04:27:40,833 Инициализирован класс для работы с Redis
2019-11-17 04:27:40,835 Приложение инициализировано
2019-11-17 04:27:43,758 Поступил запрос по истории пользователя user_id=794
2019-11-17 04:27:43,774 История пользователя user_id=794 отсутствует в кеше, выполняем запрос к Postgres
2019-11-17 04:27:43,987 Сохраняем историю пользователя user_id=794 в Redis-кеш
2019-11-17 04:30:38,577 Поступил запрос по истории пользователя user_id=23
2019-11-17 04:30:38,579 История пользователя user_id=23 отсутствует в кеше, выполняем запрос к Postgres
2019-11-17 04:30:38,736 Сохраняем историю пользователя user_id=23 в Redis-кеш
2019-11-17 04:30:42,391 Поступил запрос по истории пользователя user_id=24
2019-11-17 04:30:42,392 История пользователя user_id=24 отсутствует в кеше, выполняем запрос к Postgres
2019-11-17 04:30:42,557 Сохраняем историю пользователя user_id=24 в Redis-кеш
2019-11-17 04:30:45,563 Поступил запрос по истории пользователя user_id=27
2019-11-17 04:30:45,566 История пользователя user_id=27 отсутствует в кеше, выполняем запрос к Postgres
2019-11-17 04:30:45,726 Сохраняем историю пользователя user_id=27 в Redis-кеш
2019-11-17 04:32:06,098 Инициализирован класс для работы с Postgres
2019-11-17 04:32:06,099 Инициализирован класс для работы с Redis
2019-11-17 04:32:06,101 Приложение инициализировано
2019-11-17 04:32:07,848 Поступил запрос по истории пользователя user_id=999
2019-11-17 04:32:07,864 История пользователя user_id=999 отсутствует в кеше, выполняем запрос к Postgres
2019-11-17 04:32:08,029 Сохраняем историю пользователя user_id=999 в Redis-кеш
2019-11-17 04:32:13,127 Поступил запрос по истории пользователя user_id=935
2019-11-17 04:32:13,128 История пользователя user_id=935 отсутствует в кеше, выполняем запрос к Postgres
2019-11-17 04:32:13,258 Сохраняем историю пользователя user_id=935 в Redis-кеш
2019-11-17 04:32:22,921 Поступил запрос по истории пользователя user_id=1
2019-11-17 04:32:22,924 История пользователя user_id=1 присутствует в кеше
2019-11-17 04:32:27,416 Поступил запрос по истории пользователя user_id=32
2019-11-17 04:32:27,418 История пользователя user_id=32 отсутствует в кеше, выполняем запрос к Postgres
2019-11-17 04:32:27,604 Сохраняем историю пользователя user_id=32 в Redis-кеш
2019-11-17 04:34:13,801 Инициализирован класс для работы с Postgres
2019-11-17 04:34:13,803 Инициализирован класс для работы с Redis
2019-11-17 04:34:13,806 Приложение инициализировано
2019-11-17 04:34:15,503 Поступил запрос по истории пользователя user_id=37
2019-11-17 04:34:15,522 История пользователя user_id=37 отсутствует в кеше, выполняем запрос к Postgres
2019-11-17 04:34:15,775 Сохраняем историю пользователя user_id=37 в Redis-кеш
2019-11-17 04:34:21,381 Поступил запрос по истории пользователя user_id=1001
2019-11-17 04:34:21,384 История пользователя user_id=1001 отсутствует в кеше, выполняем запрос к Postgres
2019-11-17 04:34:21,544 Сохраняем историю пользователя user_id=1001 в Redis-кеш
2019-11-17 04:34:25,385 Поступил запрос по истории пользователя user_id=1002
2019-11-17 04:34:25,387 История пользователя user_id=1002 отсутствует в кеше, выполняем запрос к Postgres
2019-11-17 04:34:25,530 Сохраняем историю пользователя user_id=1002 в Redis-кеш
2019-11-17 13:02:12,550 Инициализирован класс для работы с Postgres
2019-11-17 13:02:12,551 Инициализирован класс для работы с Redis
2019-11-17 13:02:12,552 Приложение инициализировано
2019-11-17 13:02:13,867 Поступил запрос по истории пользователя user_id=1003
2019-11-17 13:02:13,884 История пользователя user_id=1003 отсутствует в кеше, выполняем запрос к Postgres
2019-11-17 13:02:14,130 Сохраняем историю пользователя user_id=1003 в Redis-кеш
2019-11-17 13:02:32,332 Поступил запрос по истории пользователя user_id=1004
2019-11-17 13:02:32,334 История пользователя user_id=1004 отсутствует в кеше, выполняем запрос к Postgres
2019-11-17 13:02:32,428 Сохраняем историю пользователя user_id=1004 в Redis-кеш
2019-11-17 13:02:39,937 Поступил запрос по истории пользователя user_id=3
2019-11-17 13:02:39,939 История пользователя user_id=3 присутствует в кеше
2019-11-17 13:08:13,862 Инициализирован класс для работы с Postgres
2019-11-17 13:08:13,863 Инициализирован класс для работы с Redis
2019-11-17 13:08:13,865 Приложение инициализировано
2019-11-17 13:08:15,651 Поступил запрос по истории пользователя user_id=1010
2019-11-17 13:08:15,671 История пользователя user_id=1010 отсутствует в кеше, выполняем запрос к Postgres
2019-11-17 13:08:15,841 Сохраняем историю пользователя user_id=1010 в Redis-кеш
2019-11-17 13:11:12,585 Инициализирован класс для работы с Postgres
2019-11-17 13:11:12,586 Инициализирован класс для работы с Redis
2019-11-17 13:11:12,588 Приложение инициализировано
2019-11-17 13:11:13,762 Поступил запрос по истории пользователя user_id=1011
2019-11-17 13:11:13,783 История пользователя user_id=1011 отсутствует в кеше, выполняем запрос к Postgres
2019-11-17 13:11:17,035 Поступил запрос по истории пользователя user_id=1012
2019-11-17 13:11:17,037 История пользователя user_id=1012 отсутствует в кеше, выполняем запрос к Postgres
2019-11-17 13:15:18,019 Инициализирован класс для работы с Postgres
2019-11-17 13:15:18,020 Инициализирован класс для работы с Redis
2019-11-17 13:15:18,023 Приложение инициализировано
2019-11-17 13:15:19,271 Поступил запрос по истории пользователя user_id=1013
2019-11-17 13:15:19,287 История пользователя user_id=1013 отсутствует в кеше, выполняем запрос к Postgres
2019-11-17 13:15:19,421 Сохраняем историю пользователя user_id=1013 в Redis-кеш
2019-11-17 13:16:09,557 Инициализирован класс для работы с Postgres
2019-11-17 13:16:09,557 Инициализирован класс для работы с Redis
2019-11-17 13:16:09,559 Приложение инициализировано
2019-11-17 13:16:10,710 Поступил запрос по истории пользователя user_id=1014
2019-11-17 13:16:10,728 История пользователя user_id=1014 отсутствует в кеше, выполняем запрос к Postgres
2019-11-17 13:16:10,856 Сохраняем историю пользователя user_id=1014 в Redis-кеш
2019-11-17 13:16:19,953 Поступил запрос по истории пользователя user_id=1015
2019-11-17 13:16:19,954 История пользователя user_id=1015 отсутствует в кеше, выполняем запрос к Postgres
2019-11-17 13:16:20,076 Сохраняем историю пользователя user_id=1015 в Redis-кеш
